<?xml version="1.0" encoding="UTF-8"?>
<!-- Generated by org.testng.reporters.JUnitXMLReporter -->
<testsuite ignored="0" hostname="Ameyas-MBP.fritz.box" failures="0" tests="2" name="Default test" time="7.002" errors="0" timestamp="2025-09-19T12:51:48 CEST">
  <testcase classname="com.restassured.postrequestbody.UsingHashmap" name="deleteTheCreatedUser" time="4.379"/>
  <testcase classname="com.restassured.postrequestbody.UsingHashmap" name="testUsingHashamp" time="2.333"/>
</testsuite> <!-- Default test -->
