<?xml version="1.0" encoding="UTF-8"?>
<testng-results ignored="0" total="2" passed="2" failed="0" skipped="0">
  <reporter-output>
  </reporter-output>
  <suite started-at="2025-09-19T12:51:41 CEST" name="Default suite" finished-at="2025-09-19T12:51:48 CEST" duration-ms="7002">
    <groups>
    </groups>
    <test started-at="2025-09-19T12:51:41 CEST" name="Default test" finished-at="2025-09-19T12:51:48 CEST" duration-ms="7002">
      <class name="com.restassured.postrequestbody.UsingHashmap">
        <test-method signature="deleteTheCreatedUser()[pri:0, instance:com.restassured.postrequestbody.UsingHashmap@79924b]" started-at="2025-09-19T12:51:41 CEST" name="deleteTheCreatedUser" finished-at="2025-09-19T12:51:46 CEST" duration-ms="4379" status="PASS">
          <reporter-output>
          </reporter-output>
        </test-method> <!-- deleteTheCreatedUser -->
        <test-method signature="testUsingHashamp()[pri:0, instance:com.restassured.postrequestbody.UsingHashmap@79924b]" started-at="2025-09-19T12:51:46 CEST" name="testUsingHashamp" finished-at="2025-09-19T12:51:48 CEST" duration-ms="2333" status="PASS">
          <reporter-output>
          </reporter-output>
        </test-method> <!-- testUsingHashamp -->
      </class> <!-- com.restassured.postrequestbody.UsingHashmap -->
    </test> <!-- Default test -->
  </suite> <!-- Default suite -->
</testng-results>
