<?xml version="1.0" encoding="UTF-8"?>
<testng-results ignored="0" total="1" passed="1" failed="0" skipped="0">
  <reporter-output>
  </reporter-output>
  <suite started-at="2025-09-19T12:38:01 CEST" name="Default suite" finished-at="2025-09-19T12:38:05 CEST" duration-ms="3708">
    <groups>
    </groups>
    <test started-at="2025-09-19T12:38:01 CEST" name="Default test" finished-at="2025-09-19T12:38:05 CEST" duration-ms="3708">
      <class name="com.restassured.postrequestbody.UsingHashmap">
        <test-method signature="testUsingHashamp()[pri:0, instance:com.restassured.postrequestbody.UsingHashmap@79924b]" started-at="2025-09-19T12:38:01 CEST" name="testUsingHashamp" finished-at="2025-09-19T12:38:05 CEST" duration-ms="3640" status="PASS">
          <reporter-output>
          </reporter-output>
        </test-method> <!-- testUsingHashamp -->
      </class> <!-- com.restassured.postrequestbody.UsingHashmap -->
    </test> <!-- Default test -->
  </suite> <!-- Default suite -->
</testng-results>
